<?xml version="1.0" encoding="UTF-8" ?>
<testsuite errors="0" failures="0" hostname="DESKTOP-5DUQNGC" name="test.tinyuml.draw.RectilinearLineBuilderTest" skipped="0" tests="13" time="0.192" timestamp="2022-03-08T13:01:05">
  <properties>
    <property name="ant.library.dir" value="C:\ant\lib" />
    <property name="javac.test.classpath" value="lib/batik-svggen-1.6.jar:lib/batik-awt-util-1.6.jar:lib/batik-util-1.6.jar:build/classes:lib/junit.jar:lib/jmock-1.1.0.jar:lib/jmock-cglib-1.1.0.jar" />
    <property name="ant.file.type.-profiler-impl" value="file" />
    <property name="java.specification.version" value="17" />
    <property name="ant.project.name" value="tinyuml" />
    <property name="sun.cpu.isalist" value="amd64" />
    <property name="dist.javadoc.dir" value="dist/javadoc" />
    <property name="sun.jnu.encoding" value="Cp1252" />
    <property name="default.javac.target" value="1.4" />
    <property name="javadoc.preview" value="true" />
    <property name="sun.arch.data.model" value="64" />
    <property name="libs.junit.classpath" value="lib/junit.jar" />
    <property name="file.reference.jmock-1.1.0.jar" value="lib/jmock-1.1.0.jar" />
    <property name="src.java.dir" value="src\main\java" />
    <property name="java.vendor.url" value="https://java.oracle.com/" />
    <property name="file.reference.jmock-cglib-1.1.0.jar" value="lib/jmock-cglib-1.1.0.jar" />
    <property name="ant.file.type.tinyuml-impl" value="file" />
    <property name="sun.boot.library.path" value="C:\Program Files\Java\jdk-17.0.2\bin" />
    <property name="sun.java.command" value="org.apache.tools.ant.taskdefs.optional.junit.JUnitTestRunner test.tinyuml.draw.RectilinearLineBuilderTest skipNonTests=false filtertrace=true haltOnError=false haltOnFailure=false showoutput=true outputtoformatters=true logfailedtests=true threadid=0 logtestlistenerevents=false formatter=org.apache.tools.ant.taskdefs.optional.junit.BriefJUnitResultFormatter formatter=org.apache.tools.ant.taskdefs.optional.junit.XMLJUnitResultFormatter,C:\PROGRAMMAZIONE\tinyuml\build\test\results\TEST-test.tinyuml.draw.RectilinearLineBuilderTest.xml crashfile=C:\PROGRAMMAZIONE\tinyuml\junitvmwatcher10407003543090258997.properties propsfile=C:\PROGRAMMAZIONE\tinyuml\junit15726228728416825083.properties" />
    <property name="jdk.debug" value="release" />
    <property name="sun.stderr.encoding" value="cp850" />
    <property name="java.specification.vendor" value="Oracle Corporation" />
    <property name="javac.source" value="1.6" />
    <property name="javadoc.use" value="true" />
    <property name="javadoc.notree" value="false" />
    <property name="java.version.date" value="2022-01-18" />
    <property name="java.home" value="C:\Program Files\Java\jdk-17.0.2" />
    <property name="basedir" value="C:\PROGRAMMAZIONE\tinyuml" />
    <property name="file.separator" value="\" />
    <property name="java.vm.compressedOopsMode" value="Zero based" />
    <property name="work.dir" value="C:\PROGRAMMAZIONE\tinyuml" />
    <property name="sun.stdout.encoding" value="cp850" />
    <property name="line.separator" value="&#xd;&#xa;" />
    <property name="javadoc.additionalparam" value="" />
    <property name="java.vm.specification.vendor" value="Oracle Corporation" />
    <property name="java.specification.name" value="Java Platform API Specification" />
    <property name="javac.debug" value="true" />
    <property name="ant.file.tinyuml-impl" value="C:\PROGRAMMAZIONE\tinyuml\nbproject\build-impl.xml" />
    <property name="user.script" value="" />
    <property name="sun.management.compiler" value="HotSpot 64-Bit Tiered Compilers" />
    <property name="java.runtime.version" value="17.0.2+8-LTS-86" />
    <property name="user.name" value="ale" />
    <property name="build.classes.dir" value="build/classes" />
    <property name="javadoc.windowtitle" value="" />
    <property name="ant.file.-profiler-impl" value="C:\PROGRAMMAZIONE\tinyuml\nbproject\profiler-build-impl.xml" />
    <property name="file.encoding" value="Cp1252" />
    <property name="manifest.available+main.class" value="true" />
    <property name="dist.dir" value="dist" />
    <property name="file.reference.cglib-full-2.0.jar" value="lib/cglib-full-2.0.jar" />
    <property name="build.dir" value="build" />
    <property name="src.resources2.dir" value="src\main\resources" />
    <property name="java.io.tmpdir" value="C:\Users\ale\AppData\Local\Temp\" />
    <property name="java.version" value="17.0.2" />
    <property name="javadoc.version" value="false" />
    <property name="java.vm.specification.name" value="Java Virtual Machine Specification" />
    <property name="ant.home" value="C:\ant" />
    <property name="ant.file.tinyuml" value="C:\PROGRAMMAZIONE\tinyuml\build.xml" />
    <property name="debug.test.classpath" value="lib/batik-svggen-1.6.jar:lib/batik-awt-util-1.6.jar:lib/batik-util-1.6.jar:build/classes:lib/junit.jar:lib/jmock-1.1.0.jar:lib/jmock-cglib-1.1.0.jar:build/test/classes:lib/cglib-full-2.0.jar:lib/asm-2.2.1.jar" />
    <property name="sun.os.patch.level" value="" />
    <property name="have.tests" value="true" />
    <property name="native.encoding" value="Cp1252" />
    <property name="javac.target" value="1.6" />
    <property name="ant.version" value="Apache Ant(TM) version 1.10.12 compiled on October 13 2021" />
    <property name="platform.active" value="default_platform" />
    <property name="java.library.path" value="C:\Program Files\Java\jdk-17.0.2\bin;C:\Windows\Sun\Java\bin;C:\Windows\system32;C:\Windows;C:\Program Files\Common Files\Oracle\Java\javapath;C:\Windows\system32;C:\Windows;C:\Windows\System32\Wbem;C:\Windows\System32\WindowsPowerShell\v1.0\;C:\Windows\System32\OpenSSH\;C:\Program Files\Git\cmd;C:\Program Files\nodejs\;C:\Program Files (x86)\dotnet\;C:\ant\bin;C:\Users\ale\AppData\Local\Microsoft\WindowsApps;;C:\Users\ale\AppData\Local\Programs\Microsoft VS Code\bin;C:\Users\ale\AppData\Roaming\npm;." />
    <property name="java.vendor" value="Oracle Corporation" />
    <property name="manifest.file" value="manifest.mf" />
    <property name="meta.inf.dir" value="${src.dir}/META-INF" />
    <property name="sun.io.unicode.encoding" value="UnicodeLittle" />
    <property name="tests.failed" value="true" />
    <property name="user.properties.file" value="C:\Dokumente und Einstellungen\wu\.netbeans\5.5\build.properties" />
    <property name="default.javac.source" value="1.4" />
    <property name="run.classpath" value="lib/batik-svggen-1.6.jar:lib/batik-awt-util-1.6.jar:lib/batik-util-1.6.jar:build/classes" />
    <property name="ant.file.type" value="file" />
    <property name="java.class.path" value="C:\PROGRAMMAZIONE\tinyuml\lib\batik-svggen-1.6.jar;C:\PROGRAMMAZIONE\tinyuml\lib\batik-awt-util-1.6.jar;C:\PROGRAMMAZIONE\tinyuml\lib\batik-util-1.6.jar;C:\PROGRAMMAZIONE\tinyuml\build\classes;C:\PROGRAMMAZIONE\tinyuml\lib\junit.jar;C:\PROGRAMMAZIONE\tinyuml\lib\jmock-1.1.0.jar;C:\PROGRAMMAZIONE\tinyuml\lib\jmock-cglib-1.1.0.jar;C:\PROGRAMMAZIONE\tinyuml\build\test\classes;C:\PROGRAMMAZIONE\tinyuml\lib\cglib-full-2.0.jar;C:\PROGRAMMAZIONE\tinyuml\lib\asm-2.2.1.jar;C:\ant\lib\ant-launcher.jar;C:\ant\lib\ant.jar;C:\ant\lib\ant-junit.jar;C:\ant\lib\ant-junit4.jar" />
    <property name="java.vm.vendor" value="Oracle Corporation" />
    <property name="file.reference.batik-awt-util-1.6.jar" value="lib/batik-awt-util-1.6.jar" />
    <property name="user.variant" value="" />
    <property name="build.sysclasspath" value="ignore" />
    <property name="os.name" value="Windows 10" />
    <property name="java.vm.specification.version" value="17" />
    <property name="javac.compilerargs" value="" />
    <property name="test.java.dir" value="src\test\java" />
    <property name="javadoc.noindex" value="false" />
    <property name="sun.java.launcher" value="SUN_STANDARD" />
    <property name="user.country" value="GB" />
    <property name="javadoc.private" value="false" />
    <property name="javadoc.author" value="false" />
    <property name="main.class" value="org.tinyuml.Main" />
    <property name="sun.cpu.endian" value="little" />
    <property name="user.home" value="C:\Users\ale" />
    <property name="user.language" value="en" />
    <property name="jar.compress" value="false" />
    <property name="javadoc.nonavbar" value="false" />
    <property name="have.sources" value="true" />
    <property name="javac.deprecation" value="false" />
    <property name="ant.java.version" value="17" />
    <property name="javadoc.splitindex" value="true" />
    <property name="run.jvmargs" value="" />
    <property name="javadoc.encoding" value="" />
    <property name="javac.classpath" value="lib/batik-svggen-1.6.jar:lib/batik-awt-util-1.6.jar:lib/batik-util-1.6.jar" />
    <property name="build.classes.excludes" value="**/*.java,**/*.form" />
    <property name="dist.jar" value="dist/tinyuml.jar" />
    <property name="ant.file" value="C:\PROGRAMMAZIONE\tinyuml\build.xml" />
    <property name="path.separator" value=";" />
    <property name="os.version" value="10.0" />
    <property name="build.test.classes.dir" value="build/test/classes" />
    <property name="java.runtime.name" value="Java(TM) SE Runtime Environment" />
    <property name="manifest.available" value="true" />
    <property name="build.test.results.dir" value="build/test/results" />
    <property name="ant.project.invoked-targets" value="default" />
    <property name="java.vm.name" value="Java HotSpot(TM) 64-Bit Server VM" />
    <property name="file.reference.batik-svggen-1.6.jar" value="lib/batik-svggen-1.6.jar" />
    <property name="ant.core.lib" value="C:\ant\lib\ant.jar" />
    <property name="java.vendor.url.bug" value="https://bugreport.java.com/bugreport/" />
    <property name="user.dir" value="C:\PROGRAMMAZIONE\tinyuml" />
    <property name="os.arch" value="amd64" />
    <property name="build.generated.dir" value="build/generated" />
    <property name="application.args" value="" />
    <property name="file.reference.batik-util-1.6.jar" value="lib/batik-util-1.6.jar" />
    <property name="java.vm.info" value="mixed mode, sharing" />
    <property name="java.vm.version" value="17.0.2+8-LTS-86" />
    <property name="ant.file.type.tinyuml" value="file" />
    <property name="run.test.classpath" value="lib/batik-svggen-1.6.jar:lib/batik-awt-util-1.6.jar:lib/batik-util-1.6.jar:build/classes:lib/junit.jar:lib/jmock-1.1.0.jar:lib/jmock-cglib-1.1.0.jar:build/test/classes:lib/cglib-full-2.0.jar:lib/asm-2.2.1.jar" />
    <property name="java.class.version" value="61.0" />
    <property name="ant.project.default-target" value="default" />
    <property name="debug.classpath" value="lib/batik-svggen-1.6.jar:lib/batik-awt-util-1.6.jar:lib/batik-util-1.6.jar:build/classes" />
    <property name="file.reference.asm-2.2.1.jar" value="lib/asm-2.2.1.jar" />
  </properties>
  <testcase classname="test.tinyuml.draw.RectilinearLineBuilderTest" name="testCalculateLineSegmentsWithNodesNorthSouth" time="0.028" />
  <testcase classname="test.tinyuml.draw.RectilinearLineBuilderTest" name="testCalculateLineSegmentsWithNodesSeNw" time="0.006" />
  <testcase classname="test.tinyuml.draw.RectilinearLineBuilderTest" name="testCalculateLineSegmentsWithNodesSwNe" time="0.001" />
  <testcase classname="test.tinyuml.draw.RectilinearLineBuilderTest" name="testCalculateLineSegmentsWithNodesWestEast" time="0.0" />
  <testcase classname="test.tinyuml.draw.RectilinearLineBuilderTest" name="testGetDirection" time="0.0" />
  <testcase classname="test.tinyuml.draw.RectilinearLineBuilderTest" name="testGenerateOnNorthSide" time="0.0" />
  <testcase classname="test.tinyuml.draw.RectilinearLineBuilderTest" name="testGenerateNWVertical" time="0.0" />
  <testcase classname="test.tinyuml.draw.RectilinearLineBuilderTest" name="testGetNodeDirection" time="0.001" />
  <testcase classname="test.tinyuml.draw.RectilinearLineBuilderTest" name="testGenerateNWHorizontal" time="0.001" />
  <testcase classname="test.tinyuml.draw.RectilinearLineBuilderTest" name="testGenerateOnWestSide" time="0.0" />
  <testcase classname="test.tinyuml.draw.RectilinearLineBuilderTest" name="testGenerateOnSouthSide" time="0.0" />
  <testcase classname="test.tinyuml.draw.RectilinearLineBuilderTest" name="testFixedPointInsideRectangle" time="0.0" />
  <testcase classname="test.tinyuml.draw.RectilinearLineBuilderTest" name="testGenerateOnEastSide" time="0.0" />
  <system-out><![CDATA[]]></system-out>
  <system-err><![CDATA[]]></system-err>
</testsuite>
